2025-10-19 20:23 [START] Driver started
2025-10-19 20:24 [CMD] encrypt
2025-10-19 20:24 [ERROR] Password not set
2025-10-19 20:24 [CMD] quit
2025-10-19 20:24 [START] Driver started
2025-10-19 20:26 [CMD] quit
2025-10-19 20:28 [START] Driver started
2025-10-19 20:30 [CMD] quit
2025-10-19 20:30 [START] Driver started
2025-10-19 20:30 [CMD] encrypt
2025-10-19 20:30 [ERROR] Password not set
2025-10-19 20:30 [CMD] passkey
2025-10-19 20:30 [RESULT] passkey_set
2025-10-19 20:31 [CMD] encrypt
2025-10-19 20:31 [RESULT] encrypt_ok
2025-10-19 20:33 [CMD] quit
2025-10-19 20:38 [START] Driver started
2025-10-19 20:38 [CMD] password
2025-10-19 20:38 [RESULT] passkey_set
2025-10-19 20:38 [CMD] encrypt
2025-10-19 20:38 [CMD] encrypt
2025-10-19 20:38 [RESULT] encrypt_ok
2025-10-19 20:38 [CMD] decrypt
2025-10-19 20:38 [CMD] decrypt
2025-10-19 20:39 [START] Driver started
2025-10-19 20:39 [CMD] password
2025-10-19 20:40 [RESULT] passkey_set
2025-10-19 20:40 [CMD] encrypt
2025-10-19 20:40 [CMD] encrypt
2025-10-19 20:40 [RESULT] encrypt_ok
2025-10-19 20:40 [CMD] decrypt
2025-10-19 20:40 [CMD] decrypt
2025-10-19 20:40 [RESULT] decrypt_ok
2025-10-19 20:40 [CMD] history
2025-10-19 20:40 [RESULT] history_count=3
2025-10-19 20:41 [CMD] quit
2025-10-19 20:42 [START] Driver started
2025-10-19 20:42 [CMD] encrypt
2025-10-19 20:42 [ERROR] Password not set
2025-10-19 20:42 [CMD] passkey
2025-10-19 20:42 [RESULT] passkey_set
2025-10-19 20:43 [CMD] encrypt
2025-10-19 20:43 [RESULT] encrypt_ok
2025-10-19 20:43 [CMD] decrypt
2025-10-19 20:43 [RESULT] decrypt_ok
2025-10-19 20:43 [CMD] quit
2025-10-19 20:43 [START] Driver started
2025-10-19 20:43 [CMD] password
2025-10-19 20:43 [ERROR] invalid_passkey
2025-10-19 20:44 [CMD] password
2025-10-19 20:44 [ERROR] invalid_passkey
2025-10-19 20:44 [CMD] encrypt
2025-10-19 20:44 [CMD] encrypt
2025-10-19 20:44 [ERROR] invalid_encrypt_input
2025-10-19 20:44 [CMD] encrypt
2025-10-19 20:44 [CMD] encrypt
2025-10-19 20:44 [ERROR] invalid_encrypt_input
2025-10-19 20:44 [CMD] quit
2025-10-19 20:44 [START] Driver started
2025-10-19 20:44 [CMD] passkey
2025-10-19 20:44 [RESULT] passkey_set
2025-10-19 20:45 [CMD] encrypt
2025-10-19 20:45 [RESULT] encrypt_ok
2025-10-19 20:45 [CMD] decrypt
2025-10-19 20:45 [RESULT] decrypt_ok
2025-10-19 20:45 [CMD] quit
2025-10-19 20:54 [START] Driver started
2025-10-19 20:54 [CMD] pass
2025-10-19 20:54 [RESULT] passkey_set
2025-10-19 20:54 [CMD] quit
